<?xml version="1.0" encoding="UTF-8"?>
<coverage generated="1516385404115" clover="3.2.0">
  <project timestamp="1516385404115" name="All files">
    <metrics statements="19" coveredstatements="19" conditionals="0" coveredconditionals="0" methods="5" coveredmethods="5" elements="24" coveredelements="24" complexity="0" loc="19" ncloc="19" packages="4" files="6" classes="6">
      <package name="Desafio01">
        <metrics statements="3" coveredstatements="3" conditionals="0" coveredconditionals="0" methods="1" coveredmethods="1"/>
        <file name="App.js" path="/Users/josealvesdesousa/Documents/react-native/GoNative/Desafio01/App.js">
          <metrics statements="3" coveredstatements="3" conditionals="0" coveredconditionals="0" methods="1" coveredmethods="1"/>
          <line num="9" count="1" type="stmt"/>
          <line num="60" count="1" type="stmt"/>
          <line num="73" count="1" type="stmt"/>
        </file>
      </package>
      <package name="Desafio01.__tests__">
        <metrics statements="1" coveredstatements="1" conditionals="0" coveredconditionals="0" methods="0" coveredmethods="0"/>
        <file name="setup.js" path="/Users/josealvesdesousa/Documents/react-native/GoNative/Desafio01/__tests__/setup.js">
          <metrics statements="1" coveredstatements="1" conditionals="0" coveredconditionals="0" methods="0" coveredmethods="0"/>
          <line num="4" count="4" type="stmt"/>
        </file>
      </package>
      <package name="Desafio01.components">
        <metrics statements="13" coveredstatements="13" conditionals="0" coveredconditionals="0" methods="4" coveredmethods="4"/>
        <file name="AppBar.js" path="/Users/josealvesdesousa/Documents/react-native/GoNative/Desafio01/components/AppBar.js">
          <metrics statements="3" coveredstatements="3" conditionals="0" coveredconditionals="0" methods="1" coveredmethods="1"/>
          <line num="4" count="2" type="stmt"/>
          <line num="5" count="1" type="stmt"/>
          <line num="10" count="2" type="stmt"/>
        </file>
        <file name="Post.js" path="/Users/josealvesdesousa/Documents/react-native/GoNative/Desafio01/components/Post.js">
          <metrics statements="5" coveredstatements="5" conditionals="0" coveredconditionals="0" methods="1" coveredmethods="1"/>
          <line num="5" count="3" type="stmt"/>
          <line num="6" count="1" type="stmt"/>
          <line num="14" count="3" type="stmt"/>
          <line num="23" count="3" type="stmt"/>
          <line num="30" count="3" type="stmt"/>
        </file>
        <file name="Posts.js" path="/Users/josealvesdesousa/Documents/react-native/GoNative/Desafio01/components/Posts.js">
          <metrics statements="5" coveredstatements="5" conditionals="0" coveredconditionals="0" methods="2" coveredmethods="2"/>
          <line num="5" count="2" type="stmt"/>
          <line num="6" count="1" type="stmt"/>
          <line num="8" count="2" type="stmt"/>
          <line num="13" count="2" type="stmt"/>
          <line num="20" count="2" type="stmt"/>
        </file>
      </package>
      <package name="Desafio01.config">
        <metrics statements="2" coveredstatements="2" conditionals="0" coveredconditionals="0" methods="0" coveredmethods="0"/>
        <file name="ReactotronConfig.js" path="/Users/josealvesdesousa/Documents/react-native/GoNative/Desafio01/config/ReactotronConfig.js">
          <metrics statements="2" coveredstatements="2" conditionals="0" coveredconditionals="0" methods="0" coveredmethods="0"/>
          <line num="9" count="1" type="stmt"/>
          <line num="20" count="1" type="stmt"/>
        </file>
      </package>
    </metrics>
  </project>
</coverage>
