{"/Users/josealvesdesousa/Documents/react-native/GoNative/Desafio01/App.js": {"path":"/Users/josealvesdesousa/Documents/react-native/GoNative/Desafio01/App.js","statementMap":{"0":{"start":{"line":9,"column":14},"end":{"line":57,"column":1}},"1":{"start":{"line":60,"column":15},"end":{"line":65,"column":2}},"2":{"start":{"line":73,"column":4},"end":{"line":78,"column":6}}},"fnMap":{"0":{"name":"(anonymous_0)","decl":{"start":{"line":72,"column":2},"end":{"line":72,"column":3}},"loc":{"start":{"line":72,"column":11},"end":{"line":79,"column":3}},"line":72}},"branchMap":{},"s":{"0":1,"1":1,"2":1},"f":{"0":1},"b":{},"_coverageSchema":"332fd63041d2c1bcb487cc26dd0d5f7d97098a6c","hash":"f95de4901c5ab4126e75d59256e3b59a7b750624"}
,"/Users/josealvesdesousa/Documents/react-native/GoNative/Desafio01/__tests__/setup.js": {"path":"/Users/josealvesdesousa/Documents/react-native/GoNative/Desafio01/__tests__/setup.js","statementMap":{"0":{"start":{"line":4,"column":0},"end":{"line":4,"column":45}}},"fnMap":{},"branchMap":{},"s":{"0":4},"f":{},"b":{},"_coverageSchema":"332fd63041d2c1bcb487cc26dd0d5f7d97098a6c","hash":"686aa81089892aeeb687cbd939def25d47bef2e6"}
,"/Users/josealvesdesousa/Documents/react-native/GoNative/Desafio01/components/AppBar.js": {"path":"/Users/josealvesdesousa/Documents/react-native/GoNative/Desafio01/components/AppBar.js","statementMap":{"0":{"start":{"line":4,"column":15},"end":{"line":8,"column":1}},"1":{"start":{"line":5,"column":2},"end":{"line":7,"column":9}},"2":{"start":{"line":10,"column":14},"end":{"line":22,"column":2}}},"fnMap":{"0":{"name":"(anonymous_0)","decl":{"start":{"line":4,"column":15},"end":{"line":4,"column":16}},"loc":{"start":{"line":5,"column":2},"end":{"line":7,"column":9}},"line":5}},"branchMap":{},"s":{"0":2,"1":1,"2":2},"f":{"0":1},"b":{},"_coverageSchema":"332fd63041d2c1bcb487cc26dd0d5f7d97098a6c","hash":"7deaeca02178d296824ed6f8467162f341381227"}
,"/Users/josealvesdesousa/Documents/react-native/GoNative/Desafio01/components/Post.js": {"path":"/Users/josealvesdesousa/Documents/react-native/GoNative/Desafio01/components/Post.js","statementMap":{"0":{"start":{"line":5,"column":13},"end":{"line":11,"column":1}},"1":{"start":{"line":6,"column":2},"end":{"line":10,"column":9}},"2":{"start":{"line":14,"column":0},"end":{"line":21,"column":2}},"3":{"start":{"line":23,"column":0},"end":{"line":28,"column":2}},"4":{"start":{"line":30,"column":14},"end":{"line":58,"column":2}}},"fnMap":{"0":{"name":"(anonymous_0)","decl":{"start":{"line":5,"column":13},"end":{"line":5,"column":14}},"loc":{"start":{"line":6,"column":2},"end":{"line":10,"column":9}},"line":6}},"branchMap":{},"s":{"0":3,"1":1,"2":3,"3":3,"4":3},"f":{"0":1},"b":{},"_coverageSchema":"332fd63041d2c1bcb487cc26dd0d5f7d97098a6c","hash":"a9871a6e26debde8d8a99291d77eabc1852ddce1"}
,"/Users/josealvesdesousa/Documents/react-native/GoNative/Desafio01/components/Posts.js": {"path":"/Users/josealvesdesousa/Documents/react-native/GoNative/Desafio01/components/Posts.js","statementMap":{"0":{"start":{"line":5,"column":14},"end":{"line":10,"column":1}},"1":{"start":{"line":6,"column":2},"end":{"line":9,"column":15}},"2":{"start":{"line":8,"column":6},"end":{"line":8,"column":40}},"3":{"start":{"line":13,"column":0},"end":{"line":18,"column":2}},"4":{"start":{"line":20,"column":14},"end":{"line":26,"column":2}}},"fnMap":{"0":{"name":"(anonymous_0)","decl":{"start":{"line":5,"column":14},"end":{"line":5,"column":15}},"loc":{"start":{"line":6,"column":2},"end":{"line":9,"column":15}},"line":6},"1":{"name":"(anonymous_1)","decl":{"start":{"line":7,"column":15},"end":{"line":7,"column":16}},"loc":{"start":{"line":8,"column":6},"end":{"line":8,"column":40}},"line":8}},"branchMap":{},"s":{"0":2,"1":1,"2":2,"3":2,"4":2},"f":{"0":1,"1":2},"b":{},"_coverageSchema":"332fd63041d2c1bcb487cc26dd0d5f7d97098a6c","hash":"d7b61cd9ec300da8d2a3fd5d75fbb628f70a33e6"}
,"/Users/josealvesdesousa/Documents/react-native/GoNative/Desafio01/config/ReactotronConfig.js": {"path":"/Users/josealvesdesousa/Documents/react-native/GoNative/Desafio01/config/ReactotronConfig.js","statementMap":{"0":{"start":{"line":9,"column":13},"end":{"line":18,"column":12}},"1":{"start":{"line":20,"column":0},"end":{"line":20,"column":19}}},"fnMap":{},"branchMap":{},"s":{"0":1,"1":1},"f":{},"b":{},"_coverageSchema":"332fd63041d2c1bcb487cc26dd0d5f7d97098a6c","hash":"527bc43afd712888abcb1aeedd695b7f976583e6"}
}
