TN:
SF:/Users/josealvesdesousa/Documents/react-native/GoNative/Desafio01/App.js
FN:72,(anonymous_0)
FNF:1
FNH:1
FNDA:1,(anonymous_0)
DA:9,1
DA:60,1
DA:73,1
LF:3
LH:3
BRF:0
BRH:0
end_of_record
TN:
SF:/Users/josealvesdesousa/Documents/react-native/GoNative/Desafio01/__tests__/setup.js
FNF:0
FNH:0
DA:4,4
LF:1
LH:1
BRF:0
BRH:0
end_of_record
TN:
SF:/Users/josealvesdesousa/Documents/react-native/GoNative/Desafio01/components/AppBar.js
FN:4,(anonymous_0)
FNF:1
FNH:1
FNDA:1,(anonymous_0)
DA:4,2
DA:5,1
DA:10,2
LF:3
LH:3
BRF:0
BRH:0
end_of_record
TN:
SF:/Users/josealvesdesousa/Documents/react-native/GoNative/Desafio01/components/Post.js
FN:5,(anonymous_0)
FNF:1
FNH:1
FNDA:1,(anonymous_0)
DA:5,3
DA:6,1
DA:14,3
DA:23,3
DA:30,3
LF:5
LH:5
BRF:0
BRH:0
end_of_record
TN:
SF:/Users/josealvesdesousa/Documents/react-native/GoNative/Desafio01/components/Posts.js
FN:5,(anonymous_0)
FN:7,(anonymous_1)
FNF:2
FNH:2
FNDA:1,(anonymous_0)
FNDA:2,(anonymous_1)
DA:5,2
DA:6,1
DA:8,2
DA:13,2
DA:20,2
LF:5
LH:5
BRF:0
BRH:0
end_of_record
TN:
SF:/Users/josealvesdesousa/Documents/react-native/GoNative/Desafio01/config/ReactotronConfig.js
FNF:0
FNH:0
DA:9,1
DA:20,1
LF:2
LH:2
BRF:0
BRH:0
end_of_record
